mode: set
github.com/rbansal42/bb/internal/cmd/repo/clone.go:26.63,58.55 2 1
github.com/rbansal42/bb/internal/cmd/repo/clone.go:58.55,60.21 2 0
github.com/rbansal42/bb/internal/cmd/repo/clone.go:60.21,62.5 1 0
github.com/rbansal42/bb/internal/cmd/repo/clone.go:64.4,64.25 1 0
github.com/rbansal42/bb/internal/cmd/repo/clone.go:68.2,71.12 3 1
github.com/rbansal42/bb/internal/cmd/repo/clone.go:74.41,79.25 3 0
github.com/rbansal42/bb/internal/cmd/repo/clone.go:79.25,83.3 2 0
github.com/rbansal42/bb/internal/cmd/repo/clone.go:83.8,86.17 2 0
github.com/rbansal42/bb/internal/cmd/repo/clone.go:86.17,88.4 1 0
github.com/rbansal42/bb/internal/cmd/repo/clone.go:91.3,92.17 2 0
github.com/rbansal42/bb/internal/cmd/repo/clone.go:92.17,94.4 1 0
github.com/rbansal42/bb/internal/cmd/repo/clone.go:96.3,101.17 4 0
github.com/rbansal42/bb/internal/cmd/repo/clone.go:101.17,103.4 1 0
github.com/rbansal42/bb/internal/cmd/repo/clone.go:106.3,108.21 3 0
github.com/rbansal42/bb/internal/cmd/repo/clone.go:108.21,110.4 1 0
github.com/rbansal42/bb/internal/cmd/repo/clone.go:112.3,112.21 1 0
github.com/rbansal42/bb/internal/cmd/repo/clone.go:116.2,116.26 1 0
github.com/rbansal42/bb/internal/cmd/repo/clone.go:116.26,118.3 1 0
github.com/rbansal42/bb/internal/cmd/repo/clone.go:121.2,121.19 1 0
github.com/rbansal42/bb/internal/cmd/repo/clone.go:121.19,122.45 1 0
github.com/rbansal42/bb/internal/cmd/repo/clone.go:122.45,124.4 1 0
github.com/rbansal42/bb/internal/cmd/repo/clone.go:128.2,131.20 2 0
github.com/rbansal42/bb/internal/cmd/repo/clone.go:131.20,133.3 1 0
github.com/rbansal42/bb/internal/cmd/repo/clone.go:136.2,136.23 1 0
github.com/rbansal42/bb/internal/cmd/repo/clone.go:136.23,138.3 1 0
github.com/rbansal42/bb/internal/cmd/repo/clone.go:141.2,147.19 3 0
github.com/rbansal42/bb/internal/cmd/repo/clone.go:147.19,149.3 1 0
github.com/rbansal42/bb/internal/cmd/repo/clone.go:152.2,158.34 5 0
github.com/rbansal42/bb/internal/cmd/repo/clone.go:158.34,160.3 1 0
github.com/rbansal42/bb/internal/cmd/repo/clone.go:163.2,168.16 4 0
github.com/rbansal42/bb/internal/cmd/repo/clone.go:168.16,170.3 1 0
github.com/rbansal42/bb/internal/cmd/repo/clone.go:172.2,172.12 1 0
github.com/rbansal42/bb/internal/cmd/repo/clone.go:176.27,181.2 1 0
github.com/rbansal42/bb/internal/cmd/repo/clone.go:184.48,189.36 2 0
github.com/rbansal42/bb/internal/cmd/repo/clone.go:189.36,191.58 1 0
github.com/rbansal42/bb/internal/cmd/repo/clone.go:191.58,194.22 3 0
github.com/rbansal42/bb/internal/cmd/repo/clone.go:194.22,196.5 1 0
github.com/rbansal42/bb/internal/cmd/repo/clone.go:201.2,202.20 2 0
github.com/rbansal42/bb/internal/cmd/repo/clone.go:202.20,204.3 1 0
github.com/rbansal42/bb/internal/cmd/repo/clone.go:205.2,205.11 1 0
github.com/rbansal42/bb/internal/cmd/repo/create.go:32.64,69.55 2 1
github.com/rbansal42/bb/internal/cmd/repo/create.go:69.55,70.21 1 0
github.com/rbansal42/bb/internal/cmd/repo/create.go:70.21,72.5 1 0
github.com/rbansal42/bb/internal/cmd/repo/create.go:75.4,75.35 1 0
github.com/rbansal42/bb/internal/cmd/repo/create.go:75.35,77.5 1 0
github.com/rbansal42/bb/internal/cmd/repo/create.go:80.4,80.19 1 0
github.com/rbansal42/bb/internal/cmd/repo/create.go:80.19,82.5 1 0
github.com/rbansal42/bb/internal/cmd/repo/create.go:84.4,84.26 1 0
github.com/rbansal42/bb/internal/cmd/repo/create.go:88.2,97.12 9 1
github.com/rbansal42/bb/internal/cmd/repo/create.go:100.43,103.16 2 0
github.com/rbansal42/bb/internal/cmd/repo/create.go:103.16,105.3 1 0
github.com/rbansal42/bb/internal/cmd/repo/create.go:107.2,112.21 4 0
github.com/rbansal42/bb/internal/cmd/repo/create.go:112.21,114.17 2 0
github.com/rbansal42/bb/internal/cmd/repo/create.go:114.17,116.4 1 0
github.com/rbansal42/bb/internal/cmd/repo/create.go:120.2,120.21 1 0
github.com/rbansal42/bb/internal/cmd/repo/create.go:120.21,121.33 1 0
github.com/rbansal42/bb/internal/cmd/repo/create.go:121.33,123.4 1 0
github.com/rbansal42/bb/internal/cmd/repo/create.go:125.3,126.17 2 0
github.com/rbansal42/bb/internal/cmd/repo/create.go:126.17,128.4 1 0
github.com/rbansal42/bb/internal/cmd/repo/create.go:129.3,129.17 1 0
github.com/rbansal42/bb/internal/cmd/repo/create.go:129.17,131.4 1 0
github.com/rbansal42/bb/internal/cmd/repo/create.go:132.3,132.19 1 0
github.com/rbansal42/bb/internal/cmd/repo/create.go:136.2,142.24 2 0
github.com/rbansal42/bb/internal/cmd/repo/create.go:142.24,144.3 1 0
github.com/rbansal42/bb/internal/cmd/repo/create.go:146.2,150.16 3 0
github.com/rbansal42/bb/internal/cmd/repo/create.go:150.16,152.3 1 0
github.com/rbansal42/bb/internal/cmd/repo/create.go:155.2,164.16 6 0
github.com/rbansal42/bb/internal/cmd/repo/create.go:164.16,168.56 3 0
github.com/rbansal42/bb/internal/cmd/repo/create.go:168.56,170.4 1 0
github.com/rbansal42/bb/internal/cmd/repo/create.go:172.3,172.51 1 0
github.com/rbansal42/bb/internal/cmd/repo/create.go:175.2,175.12 1 0
github.com/rbansal42/bb/internal/cmd/repo/create.go:179.113,182.41 2 0
github.com/rbansal42/bb/internal/cmd/repo/create.go:182.41,185.17 2 0
github.com/rbansal42/bb/internal/cmd/repo/create.go:185.17,188.18 2 0
github.com/rbansal42/bb/internal/cmd/repo/create.go:188.18,191.5 1 0
github.com/rbansal42/bb/internal/cmd/repo/create.go:196.2,197.16 2 0
github.com/rbansal42/bb/internal/cmd/repo/create.go:197.16,199.3 1 0
github.com/rbansal42/bb/internal/cmd/repo/create.go:201.2,201.25 1 0
github.com/rbansal42/bb/internal/cmd/repo/create.go:201.25,203.3 1 0
github.com/rbansal42/bb/internal/cmd/repo/create.go:205.2,205.64 1 0
github.com/rbansal42/bb/internal/cmd/repo/create.go:209.66,214.16 4 0
github.com/rbansal42/bb/internal/cmd/repo/create.go:214.16,216.3 1 0
github.com/rbansal42/bb/internal/cmd/repo/create.go:218.2,218.37 1 0
github.com/rbansal42/bb/internal/cmd/repo/delete.go:22.64,43.55 2 1
github.com/rbansal42/bb/internal/cmd/repo/delete.go:43.55,46.4 2 0
github.com/rbansal42/bb/internal/cmd/repo/delete.go:49.2,51.12 2 1
github.com/rbansal42/bb/internal/cmd/repo/delete.go:54.43,58.16 3 0
github.com/rbansal42/bb/internal/cmd/repo/delete.go:58.16,60.3 1 0
github.com/rbansal42/bb/internal/cmd/repo/delete.go:63.2,63.15 1 0
github.com/rbansal42/bb/internal/cmd/repo/delete.go:63.15,68.55 3 0
github.com/rbansal42/bb/internal/cmd/repo/delete.go:68.55,70.4 1 0
github.com/rbansal42/bb/internal/cmd/repo/delete.go:74.2,75.16 2 0
github.com/rbansal42/bb/internal/cmd/repo/delete.go:75.16,77.3 1 0
github.com/rbansal42/bb/internal/cmd/repo/delete.go:79.2,83.84 3 0
github.com/rbansal42/bb/internal/cmd/repo/delete.go:83.84,85.3 1 0
github.com/rbansal42/bb/internal/cmd/repo/delete.go:87.2,88.12 2 0
github.com/rbansal42/bb/internal/cmd/repo/fork.go:25.62,62.55 2 1
github.com/rbansal42/bb/internal/cmd/repo/fork.go:62.55,63.21 1 0
github.com/rbansal42/bb/internal/cmd/repo/fork.go:63.21,65.5 1 0
github.com/rbansal42/bb/internal/cmd/repo/fork.go:67.4,67.24 1 0
github.com/rbansal42/bb/internal/cmd/repo/fork.go:71.2,76.12 5 1
github.com/rbansal42/bb/internal/cmd/repo/fork.go:79.39,82.16 2 0
github.com/rbansal42/bb/internal/cmd/repo/fork.go:82.16,84.3 1 0
github.com/rbansal42/bb/internal/cmd/repo/fork.go:86.2,91.16 4 0
github.com/rbansal42/bb/internal/cmd/repo/fork.go:91.16,93.3 1 0
github.com/rbansal42/bb/internal/cmd/repo/fork.go:96.2,100.25 3 0
github.com/rbansal42/bb/internal/cmd/repo/fork.go:100.25,103.17 2 0
github.com/rbansal42/bb/internal/cmd/repo/fork.go:103.17,105.4 1 0
github.com/rbansal42/bb/internal/cmd/repo/fork.go:106.3,106.32 1 0
github.com/rbansal42/bb/internal/cmd/repo/fork.go:110.2,111.20 2 0
github.com/rbansal42/bb/internal/cmd/repo/fork.go:111.20,113.3 1 0
github.com/rbansal42/bb/internal/cmd/repo/fork.go:115.2,119.16 3 0
github.com/rbansal42/bb/internal/cmd/repo/fork.go:119.16,121.3 1 0
github.com/rbansal42/bb/internal/cmd/repo/fork.go:124.2,129.16 4 0
github.com/rbansal42/bb/internal/cmd/repo/fork.go:129.16,137.55 5 0
github.com/rbansal42/bb/internal/cmd/repo/fork.go:137.55,139.4 1 0
github.com/rbansal42/bb/internal/cmd/repo/fork.go:141.3,144.74 2 0
github.com/rbansal42/bb/internal/cmd/repo/fork.go:144.74,146.4 1 0
github.com/rbansal42/bb/internal/cmd/repo/fork.go:146.9,148.4 1 0
github.com/rbansal42/bb/internal/cmd/repo/fork.go:150.8,150.52 1 0
github.com/rbansal42/bb/internal/cmd/repo/fork.go:150.52,158.62 5 0
github.com/rbansal42/bb/internal/cmd/repo/fork.go:158.62,160.4 1 0
github.com/rbansal42/bb/internal/cmd/repo/fork.go:162.3,162.91 1 0
github.com/rbansal42/bb/internal/cmd/repo/fork.go:165.2,165.12 1 0
github.com/rbansal42/bb/internal/cmd/repo/fork.go:169.67,172.23 3 0
github.com/rbansal42/bb/internal/cmd/repo/fork.go:172.23,174.3 1 0
github.com/rbansal42/bb/internal/cmd/repo/fork.go:174.8,176.3 1 0
github.com/rbansal42/bb/internal/cmd/repo/fork.go:178.2,179.18 2 0
github.com/rbansal42/bb/internal/cmd/repo/fork.go:183.40,186.2 2 0
github.com/rbansal42/bb/internal/cmd/repo/list.go:26.62,50.55 2 1
github.com/rbansal42/bb/internal/cmd/repo/list.go:50.55,51.28 1 0
github.com/rbansal42/bb/internal/cmd/repo/list.go:51.28,53.5 1 0
github.com/rbansal42/bb/internal/cmd/repo/list.go:54.4,54.39 1 0
github.com/rbansal42/bb/internal/cmd/repo/list.go:58.2,63.12 5 1
github.com/rbansal42/bb/internal/cmd/repo/list.go:66.60,69.16 2 0
github.com/rbansal42/bb/internal/cmd/repo/list.go:69.16,71.3 1 0
github.com/rbansal42/bb/internal/cmd/repo/list.go:74.2,81.16 3 0
github.com/rbansal42/bb/internal/cmd/repo/list.go:81.16,83.3 1 0
github.com/rbansal42/bb/internal/cmd/repo/list.go:85.2,85.29 1 0
github.com/rbansal42/bb/internal/cmd/repo/list.go:85.29,88.3 2 0
github.com/rbansal42/bb/internal/cmd/repo/list.go:91.2,91.15 1 0
github.com/rbansal42/bb/internal/cmd/repo/list.go:91.15,93.3 1 0
github.com/rbansal42/bb/internal/cmd/repo/list.go:95.2,95.49 1 0
github.com/rbansal42/bb/internal/cmd/repo/list.go:98.85,101.29 2 0
github.com/rbansal42/bb/internal/cmd/repo/list.go:101.29,112.3 1 0
github.com/rbansal42/bb/internal/cmd/repo/list.go:114.2,115.16 2 0
github.com/rbansal42/bb/internal/cmd/repo/list.go:115.16,117.3 1 0
github.com/rbansal42/bb/internal/cmd/repo/list.go:119.2,120.12 2 0
github.com/rbansal42/bb/internal/cmd/repo/list.go:123.82,128.28 3 0
github.com/rbansal42/bb/internal/cmd/repo/list.go:128.28,130.3 1 0
github.com/rbansal42/bb/internal/cmd/repo/list.go:130.8,132.3 1 0
github.com/rbansal42/bb/internal/cmd/repo/list.go:135.2,135.29 1 0
github.com/rbansal42/bb/internal/cmd/repo/list.go:135.29,142.3 5 0
github.com/rbansal42/bb/internal/cmd/repo/list.go:144.2,144.18 1 0
github.com/rbansal42/bb/internal/cmd/repo/list.go:147.76,148.15 1 0
github.com/rbansal42/bb/internal/cmd/repo/list.go:148.15,149.29 1 0
github.com/rbansal42/bb/internal/cmd/repo/list.go:149.29,151.4 1 0
github.com/rbansal42/bb/internal/cmd/repo/list.go:152.3,152.19 1 0
github.com/rbansal42/bb/internal/cmd/repo/list.go:155.2,155.28 1 0
github.com/rbansal42/bb/internal/cmd/repo/list.go:155.28,157.3 1 0
github.com/rbansal42/bb/internal/cmd/repo/list.go:158.2,158.17 1 0
github.com/rbansal42/bb/internal/cmd/repo/list.go:161.40,162.16 1 0
github.com/rbansal42/bb/internal/cmd/repo/list.go:162.16,164.3 1 0
github.com/rbansal42/bb/internal/cmd/repo/list.go:166.2,169.9 3 0
github.com/rbansal42/bb/internal/cmd/repo/list.go:170.26,171.20 1 0
github.com/rbansal42/bb/internal/cmd/repo/list.go:172.24,174.16 2 0
github.com/rbansal42/bb/internal/cmd/repo/list.go:174.16,176.4 1 0
github.com/rbansal42/bb/internal/cmd/repo/list.go:177.3,177.45 1 0
github.com/rbansal42/bb/internal/cmd/repo/list.go:178.27,180.17 2 0
github.com/rbansal42/bb/internal/cmd/repo/list.go:180.17,182.4 1 0
github.com/rbansal42/bb/internal/cmd/repo/list.go:183.3,183.44 1 0
github.com/rbansal42/bb/internal/cmd/repo/list.go:184.30,186.16 2 0
github.com/rbansal42/bb/internal/cmd/repo/list.go:186.16,188.4 1 0
github.com/rbansal42/bb/internal/cmd/repo/list.go:189.3,189.42 1 0
github.com/rbansal42/bb/internal/cmd/repo/list.go:190.31,192.18 2 0
github.com/rbansal42/bb/internal/cmd/repo/list.go:192.18,194.4 1 0
github.com/rbansal42/bb/internal/cmd/repo/list.go:195.3,195.46 1 0
github.com/rbansal42/bb/internal/cmd/repo/list.go:196.10,198.17 2 0
github.com/rbansal42/bb/internal/cmd/repo/list.go:198.17,200.4 1 0
github.com/rbansal42/bb/internal/cmd/repo/list.go:201.3,201.44 1 0
github.com/rbansal42/bb/internal/cmd/repo/list.go:205.50,206.22 1 0
github.com/rbansal42/bb/internal/cmd/repo/list.go:206.22,208.3 1 0
github.com/rbansal42/bb/internal/cmd/repo/list.go:209.2,209.17 1 0
github.com/rbansal42/bb/internal/cmd/repo/list.go:209.17,211.3 1 0
github.com/rbansal42/bb/internal/cmd/repo/list.go:212.2,212.29 1 0
github.com/rbansal42/bb/internal/cmd/repo/repo.go:10.62,42.2 10 1
github.com/rbansal42/bb/internal/cmd/repo/setdefault.go:34.68,61.55 2 1
github.com/rbansal42/bb/internal/cmd/repo/setdefault.go:61.55,62.21 1 0
github.com/rbansal42/bb/internal/cmd/repo/setdefault.go:62.21,64.5 1 0
github.com/rbansal42/bb/internal/cmd/repo/setdefault.go:65.4,65.45 1 0
github.com/rbansal42/bb/internal/cmd/repo/setdefault.go:69.2,72.12 3 1
github.com/rbansal42/bb/internal/cmd/repo/setdefault.go:75.72,77.15 1 0
github.com/rbansal42/bb/internal/cmd/repo/setdefault.go:77.15,79.3 1 0
github.com/rbansal42/bb/internal/cmd/repo/setdefault.go:82.2,82.16 1 0
github.com/rbansal42/bb/internal/cmd/repo/setdefault.go:82.16,84.3 1 0
github.com/rbansal42/bb/internal/cmd/repo/setdefault.go:87.2,90.24 3 0
github.com/rbansal42/bb/internal/cmd/repo/setdefault.go:90.24,93.17 2 0
github.com/rbansal42/bb/internal/cmd/repo/setdefault.go:93.17,95.4 1 0
github.com/rbansal42/bb/internal/cmd/repo/setdefault.go:96.8,99.17 2 0
github.com/rbansal42/bb/internal/cmd/repo/setdefault.go:99.17,101.4 1 0
github.com/rbansal42/bb/internal/cmd/repo/setdefault.go:103.3,108.49 4 0
github.com/rbansal42/bb/internal/cmd/repo/setdefault.go:108.49,111.4 2 0
github.com/rbansal42/bb/internal/cmd/repo/setdefault.go:115.2,119.16 3 0
github.com/rbansal42/bb/internal/cmd/repo/setdefault.go:119.16,124.17 4 0
github.com/rbansal42/bb/internal/cmd/repo/setdefault.go:124.17,126.4 1 0
github.com/rbansal42/bb/internal/cmd/repo/setdefault.go:130.2,130.47 1 0
github.com/rbansal42/bb/internal/cmd/repo/setdefault.go:130.47,132.3 1 0
github.com/rbansal42/bb/internal/cmd/repo/setdefault.go:134.2,135.12 2 0
github.com/rbansal42/bb/internal/cmd/repo/setdefault.go:138.49,140.16 2 0
github.com/rbansal42/bb/internal/cmd/repo/setdefault.go:140.16,142.3 1 0
github.com/rbansal42/bb/internal/cmd/repo/setdefault.go:144.2,144.16 1 0
github.com/rbansal42/bb/internal/cmd/repo/setdefault.go:144.16,147.3 2 0
github.com/rbansal42/bb/internal/cmd/repo/setdefault.go:149.2,150.12 2 0
github.com/rbansal42/bb/internal/cmd/repo/setdefault.go:153.50,155.27 1 0
github.com/rbansal42/bb/internal/cmd/repo/setdefault.go:155.27,157.42 1 0
github.com/rbansal42/bb/internal/cmd/repo/setdefault.go:157.42,159.46 1 0
github.com/rbansal42/bb/internal/cmd/repo/setdefault.go:159.46,162.5 2 0
github.com/rbansal42/bb/internal/cmd/repo/setdefault.go:164.8,166.45 1 0
github.com/rbansal42/bb/internal/cmd/repo/setdefault.go:166.45,169.4 2 0
github.com/rbansal42/bb/internal/cmd/repo/setdefault.go:172.2,173.12 2 0
github.com/rbansal42/bb/internal/cmd/repo/setdefault.go:176.38,178.27 1 0
github.com/rbansal42/bb/internal/cmd/repo/setdefault.go:178.27,180.3 1 0
github.com/rbansal42/bb/internal/cmd/repo/setdefault.go:183.2,183.29 1 0
github.com/rbansal42/bb/internal/cmd/repo/setdefault.go:186.59,188.27 1 0
github.com/rbansal42/bb/internal/cmd/repo/setdefault.go:188.27,190.31 2 0
github.com/rbansal42/bb/internal/cmd/repo/setdefault.go:190.31,192.4 1 0
github.com/rbansal42/bb/internal/cmd/repo/setdefault.go:196.2,197.30 2 0
github.com/rbansal42/bb/internal/cmd/repo/setdefault.go:197.30,199.3 1 0
github.com/rbansal42/bb/internal/cmd/repo/setdefault.go:201.2,201.20 1 0
github.com/rbansal42/bb/internal/cmd/repo/setdefault.go:204.38,206.34 2 0
github.com/rbansal42/bb/internal/cmd/repo/setdefault.go:206.34,208.3 1 0
github.com/rbansal42/bb/internal/cmd/repo/setdefault.go:209.2,209.12 1 0
github.com/rbansal42/bb/internal/cmd/repo/setdefault.go:212.37,215.16 3 0
github.com/rbansal42/bb/internal/cmd/repo/setdefault.go:215.16,217.3 1 0
github.com/rbansal42/bb/internal/cmd/repo/setdefault.go:218.2,218.47 1 0
github.com/rbansal42/bb/internal/cmd/repo/setdefault.go:221.29,223.34 2 0
github.com/rbansal42/bb/internal/cmd/repo/setdefault.go:223.34,225.3 1 0
github.com/rbansal42/bb/internal/cmd/repo/setdefault.go:226.2,226.12 1 0
github.com/rbansal42/bb/internal/cmd/repo/setdefault.go:229.40,235.16 3 0
github.com/rbansal42/bb/internal/cmd/repo/setdefault.go:235.16,237.3 1 0
github.com/rbansal42/bb/internal/cmd/repo/setdefault.go:239.2,240.61 2 0
github.com/rbansal42/bb/internal/cmd/repo/setdefault.go:240.61,242.3 1 0
github.com/rbansal42/bb/internal/cmd/repo/setdefault.go:244.2,244.12 1 0
github.com/rbansal42/bb/internal/cmd/repo/setdefault.go:247.39,251.16 3 0
github.com/rbansal42/bb/internal/cmd/repo/setdefault.go:251.16,253.3 1 0
github.com/rbansal42/bb/internal/cmd/repo/setdefault.go:255.2,256.54 2 0
github.com/rbansal42/bb/internal/cmd/repo/setdefault.go:256.54,258.3 1 0
github.com/rbansal42/bb/internal/cmd/repo/setdefault.go:260.2,260.32 1 0
github.com/rbansal42/bb/internal/cmd/repo/setdefault.go:263.32,267.55 2 0
github.com/rbansal42/bb/internal/cmd/repo/setdefault.go:267.55,269.3 1 0
github.com/rbansal42/bb/internal/cmd/repo/setdefault.go:272.2,273.16 2 0
github.com/rbansal42/bb/internal/cmd/repo/setdefault.go:273.16,275.3 1 0
github.com/rbansal42/bb/internal/cmd/repo/setdefault.go:277.2,278.54 2 0
github.com/rbansal42/bb/internal/cmd/repo/setdefault.go:278.54,281.3 1 0
github.com/rbansal42/bb/internal/cmd/repo/setdefault.go:284.2,288.92 3 0
github.com/rbansal42/bb/internal/cmd/repo/setdefault.go:288.92,290.3 1 0
github.com/rbansal42/bb/internal/cmd/repo/setdefault.go:293.2,293.48 1 0
github.com/rbansal42/bb/internal/cmd/repo/setdefault.go:296.72,304.2 5 0
github.com/rbansal42/bb/internal/cmd/repo/setdefault.go:309.60,311.2 1 0
github.com/rbansal42/bb/internal/cmd/repo/setdefault.go:318.31,321.2 2 0
github.com/rbansal42/bb/internal/cmd/repo/setdefault.go:323.44,326.2 2 0
github.com/rbansal42/bb/internal/cmd/repo/setdefault.go:329.66,331.2 1 0
github.com/rbansal42/bb/internal/cmd/repo/setdefault.go:343.39,346.2 2 0
github.com/rbansal42/bb/internal/cmd/repo/setdefault.go:348.52,351.2 2 0
github.com/rbansal42/bb/internal/cmd/repo/shared.go:16.42,18.16 2 0
github.com/rbansal42/bb/internal/cmd/repo/shared.go:18.16,20.3 1 0
github.com/rbansal42/bb/internal/cmd/repo/shared.go:22.2,23.16 2 0
github.com/rbansal42/bb/internal/cmd/repo/shared.go:23.16,25.3 1 0
github.com/rbansal42/bb/internal/cmd/repo/shared.go:27.2,28.16 2 0
github.com/rbansal42/bb/internal/cmd/repo/shared.go:28.16,30.3 1 0
github.com/rbansal42/bb/internal/cmd/repo/shared.go:33.2,37.101 3 0
github.com/rbansal42/bb/internal/cmd/repo/shared.go:37.101,39.3 1 0
github.com/rbansal42/bb/internal/cmd/repo/shared.go:41.2,41.49 1 0
github.com/rbansal42/bb/internal/cmd/repo/shared.go:45.79,46.20 1 1
github.com/rbansal42/bb/internal/cmd/repo/shared.go:46.20,48.22 2 1
github.com/rbansal42/bb/internal/cmd/repo/shared.go:48.22,50.4 1 1
github.com/rbansal42/bb/internal/cmd/repo/shared.go:52.3,52.39 1 1
github.com/rbansal42/bb/internal/cmd/repo/shared.go:52.39,54.4 1 1
github.com/rbansal42/bb/internal/cmd/repo/shared.go:55.3,55.33 1 1
github.com/rbansal42/bb/internal/cmd/repo/shared.go:59.2,60.16 2 1
github.com/rbansal42/bb/internal/cmd/repo/shared.go:60.16,62.3 1 1
github.com/rbansal42/bb/internal/cmd/repo/shared.go:64.2,64.47 1 0
github.com/rbansal42/bb/internal/cmd/repo/shared.go:68.69,69.36 1 1
github.com/rbansal42/bb/internal/cmd/repo/shared.go:69.36,70.29 1 1
github.com/rbansal42/bb/internal/cmd/repo/shared.go:70.29,72.4 1 1
github.com/rbansal42/bb/internal/cmd/repo/shared.go:76.2,76.26 1 1
github.com/rbansal42/bb/internal/cmd/repo/shared.go:76.26,78.3 1 1
github.com/rbansal42/bb/internal/cmd/repo/shared.go:80.2,80.11 1 1
github.com/rbansal42/bb/internal/cmd/repo/shared.go:84.36,86.16 2 1
github.com/rbansal42/bb/internal/cmd/repo/shared.go:86.16,88.3 1 0
github.com/rbansal42/bb/internal/cmd/repo/shared.go:90.2,90.27 1 1
github.com/rbansal42/bb/internal/cmd/repo/shared.go:90.27,92.3 1 1
github.com/rbansal42/bb/internal/cmd/repo/shared.go:94.2,94.16 1 0
github.com/rbansal42/bb/internal/cmd/repo/shared.go:99.71,100.15 1 1
github.com/rbansal42/bb/internal/cmd/repo/shared.go:100.15,102.3 1 1
github.com/rbansal42/bb/internal/cmd/repo/shared.go:104.2,105.21 2 1
github.com/rbansal42/bb/internal/cmd/repo/shared.go:105.21,107.3 1 1
github.com/rbansal42/bb/internal/cmd/repo/shared.go:110.2,110.38 1 1
github.com/rbansal42/bb/internal/cmd/repo/shared.go:110.38,112.3 1 1
github.com/rbansal42/bb/internal/cmd/repo/shared.go:114.2,114.32 1 1
github.com/rbansal42/bb/internal/cmd/repo/shared.go:120.62,122.20 2 1
github.com/rbansal42/bb/internal/cmd/repo/shared.go:122.20,125.3 2 1
github.com/rbansal42/bb/internal/cmd/repo/shared.go:126.2,126.14 1 0
github.com/rbansal42/bb/internal/cmd/repo/shared.go:130.38,132.2 1 1
github.com/rbansal42/bb/internal/cmd/repo/sync.go:25.62,47.55 2 1
github.com/rbansal42/bb/internal/cmd/repo/sync.go:47.55,49.4 1 0
github.com/rbansal42/bb/internal/cmd/repo/sync.go:52.2,55.12 3 1
github.com/rbansal42/bb/internal/cmd/repo/sync.go:58.39,61.16 2 0
github.com/rbansal42/bb/internal/cmd/repo/sync.go:61.16,63.3 1 0
github.com/rbansal42/bb/internal/cmd/repo/sync.go:64.2,69.16 4 0
github.com/rbansal42/bb/internal/cmd/repo/sync.go:69.16,71.3 1 0
github.com/rbansal42/bb/internal/cmd/repo/sync.go:73.2,78.16 4 0
github.com/rbansal42/bb/internal/cmd/repo/sync.go:78.16,80.3 1 0
github.com/rbansal42/bb/internal/cmd/repo/sync.go:83.2,83.24 1 0
github.com/rbansal42/bb/internal/cmd/repo/sync.go:83.24,85.3 1 0
github.com/rbansal42/bb/internal/cmd/repo/sync.go:88.2,100.72 7 0
github.com/rbansal42/bb/internal/cmd/repo/sync.go:100.72,102.3 1 0
github.com/rbansal42/bb/internal/cmd/repo/sync.go:105.2,107.63 3 0
github.com/rbansal42/bb/internal/cmd/repo/sync.go:107.63,109.3 1 0
github.com/rbansal42/bb/internal/cmd/repo/sync.go:112.2,112.16 1 0
github.com/rbansal42/bb/internal/cmd/repo/sync.go:112.16,113.65 1 0
github.com/rbansal42/bb/internal/cmd/repo/sync.go:113.65,115.4 1 0
github.com/rbansal42/bb/internal/cmd/repo/sync.go:116.8,117.63 1 0
github.com/rbansal42/bb/internal/cmd/repo/sync.go:117.63,119.4 1 0
github.com/rbansal42/bb/internal/cmd/repo/sync.go:122.2,124.12 3 0
github.com/rbansal42/bb/internal/cmd/repo/sync.go:128.64,129.22 1 1
github.com/rbansal42/bb/internal/cmd/repo/sync.go:129.22,131.3 1 1
github.com/rbansal42/bb/internal/cmd/repo/sync.go:132.2,132.22 1 1
github.com/rbansal42/bb/internal/cmd/repo/sync.go:132.22,134.3 1 1
github.com/rbansal42/bb/internal/cmd/repo/sync.go:135.2,135.15 1 0
github.com/rbansal42/bb/internal/cmd/repo/sync.go:139.37,141.2 1 1
github.com/rbansal42/bb/internal/cmd/repo/sync.go:144.54,146.2 1 1
github.com/rbansal42/bb/internal/cmd/repo/sync.go:149.57,150.28 1 0
github.com/rbansal42/bb/internal/cmd/repo/sync.go:150.28,152.3 1 0
github.com/rbansal42/bb/internal/cmd/repo/sync.go:153.2,153.11 1 0
github.com/rbansal42/bb/internal/cmd/repo/sync.go:157.58,160.2 1 0
github.com/rbansal42/bb/internal/cmd/repo/sync.go:163.57,166.34 2 0
github.com/rbansal42/bb/internal/cmd/repo/sync.go:166.34,170.3 2 0
github.com/rbansal42/bb/internal/cmd/repo/sync.go:172.2,173.18 2 0
github.com/rbansal42/bb/internal/cmd/repo/sync.go:177.50,180.2 2 0
github.com/rbansal42/bb/internal/cmd/repo/sync.go:183.49,187.2 3 0
github.com/rbansal42/bb/internal/cmd/repo/sync.go:190.51,194.2 3 0
github.com/rbansal42/bb/internal/cmd/repo/view.go:27.62,53.55 2 1
github.com/rbansal42/bb/internal/cmd/repo/view.go:53.55,54.21 1 0
github.com/rbansal42/bb/internal/cmd/repo/view.go:54.21,56.5 1 0
github.com/rbansal42/bb/internal/cmd/repo/view.go:58.4,58.24 1 0
github.com/rbansal42/bb/internal/cmd/repo/view.go:62.2,65.12 3 1
github.com/rbansal42/bb/internal/cmd/repo/view.go:68.39,72.16 3 0
github.com/rbansal42/bb/internal/cmd/repo/view.go:72.16,74.3 1 0
github.com/rbansal42/bb/internal/cmd/repo/view.go:77.2,78.16 2 0
github.com/rbansal42/bb/internal/cmd/repo/view.go:78.16,80.3 1 0
github.com/rbansal42/bb/internal/cmd/repo/view.go:82.2,87.16 4 0
github.com/rbansal42/bb/internal/cmd/repo/view.go:87.16,89.3 1 0
github.com/rbansal42/bb/internal/cmd/repo/view.go:92.2,92.14 1 0
github.com/rbansal42/bb/internal/cmd/repo/view.go:92.14,93.60 1 0
github.com/rbansal42/bb/internal/cmd/repo/view.go:93.60,95.4 1 0
github.com/rbansal42/bb/internal/cmd/repo/view.go:96.3,97.13 2 0
github.com/rbansal42/bb/internal/cmd/repo/view.go:101.2,101.18 1 0
github.com/rbansal42/bb/internal/cmd/repo/view.go:101.18,103.3 1 0
github.com/rbansal42/bb/internal/cmd/repo/view.go:106.2,106.40 1 0
github.com/rbansal42/bb/internal/cmd/repo/view.go:109.79,111.16 2 0
github.com/rbansal42/bb/internal/cmd/repo/view.go:111.16,113.3 1 0
github.com/rbansal42/bb/internal/cmd/repo/view.go:114.2,115.12 2 0
github.com/rbansal42/bb/internal/cmd/repo/view.go:118.80,123.28 2 0
github.com/rbansal42/bb/internal/cmd/repo/view.go:123.28,125.3 1 0
github.com/rbansal42/bb/internal/cmd/repo/view.go:125.8,127.3 1 0
github.com/rbansal42/bb/internal/cmd/repo/view.go:130.2,131.20 2 0
github.com/rbansal42/bb/internal/cmd/repo/view.go:131.20,133.3 1 0
github.com/rbansal42/bb/internal/cmd/repo/view.go:134.2,137.25 2 0
github.com/rbansal42/bb/internal/cmd/repo/view.go:137.25,139.3 1 0
github.com/rbansal42/bb/internal/cmd/repo/view.go:142.2,145.28 2 0
github.com/rbansal42/bb/internal/cmd/repo/view.go:145.28,147.3 1 0
github.com/rbansal42/bb/internal/cmd/repo/view.go:150.2,150.51 1 0
github.com/rbansal42/bb/internal/cmd/repo/view.go:150.51,152.3 1 0
github.com/rbansal42/bb/internal/cmd/repo/view.go:155.2,157.41 3 0
github.com/rbansal42/bb/internal/cmd/repo/view.go:157.41,160.3 2 0
github.com/rbansal42/bb/internal/cmd/repo/view.go:163.2,166.12 3 0
github.com/rbansal42/bb/internal/cmd/repo/view.go:170.37,172.18 2 1
github.com/rbansal42/bb/internal/cmd/repo/view.go:172.18,174.3 1 1
github.com/rbansal42/bb/internal/cmd/repo/view.go:175.2,176.46 2 1
github.com/rbansal42/bb/internal/cmd/repo/view.go:176.46,179.3 2 1
github.com/rbansal42/bb/internal/cmd/repo/view.go:180.2,180.76 1 1
